Arguments: 
  C:\Program Files\nodejs\node.exe C:\Program Files (x86)\Yarn\bin\yarn.js init

PATH: 
  C:\Program Files (x86)\Common Files\Oracle\Java\javapath;C:\Windows\system32;C:\Windows;C:\Windows\System32\Wbem;C:\Windows\System32\WindowsPowerShell\v1.0\;C:\Windows\System32\OpenSSH\;C:\Program Files\NVIDIA Corporation\NVIDIA NvDLISR;C:\Program Files (x86)\NVIDIA Corporation\PhysX\Common;C:\Program Files\Git\cmd;C:\Program Files\nodejs\;C:\Program Files (x86)\Yarn\bin\;C:\WINDOWS\system32;C:\WINDOWS;C:\WINDOWS\System32\Wbem;C:\WINDOWS\System32\WindowsPowerShell\v1.0\;C:\WINDOWS\System32\OpenSSH\;C:\Users\Ilushka\AppData\Local\Programs\Python\Python37-32\Scripts\;C:\Users\Ilushka\AppData\Local\Programs\Python\Python37-32\;C:\Users\Ilushka\AppData\Local\Microsoft\WindowsApps;;C:\Users\Ilushka\AppData\Local\Programs\Microsoft VS Code\bin;C:\Users\Ilushka\AppData\Roaming\npm;C:\Users\Ilushka\AppData\Local\Yarn\bin

Yarn version: 
  1.16.0

Node version: 
  10.15.3

Platform: 
  win32 x64

Trace: 
  Error: canceled
      at Interface.<anonymous> (C:\Program Files (x86)\Yarn\lib\cli.js:125850:13)
      at Interface.emit (events.js:189:13)
      at Interface._ttyWrite (readline.js:783:16)
      at ReadStream.onkeypress (readline.js:168:10)
      at ReadStream.emit (events.js:189:13)
      at emitKeys (internal/readline.js:424:14)
      at emitKeys.next (<anonymous>)
      at ReadStream.onData (readline.js:1022:36)
      at ReadStream.emit (events.js:189:13)
      at addChunk (_stream_readable.js:284:12)

npm manifest: 
  {
    "name": "empty-project",
    "version": "1.0.0",
    "description": "",
    "main": "index.js",
    "keywords": [],
    "author": "",
    "license": "ISC",
    "scripts": {
      "clean": "rm dist/bundle.js",
      "start": "parcel src/index.html",
      "build-prod": "parcel build src/index.html"
    },
    "dependencies": {},
    "devDependencies": {
      "parcel-bundler": "^1.12.3",
      "@babel/core": "^7.5.5",
      "@babel/preset-env": "^7.5.5",
      "eslint": "^6.3.0",
      "prettier": "^1.18.2",
      "eslint-config-prettier": "^6.1.0",
      "eslint-plugin-prettier": "^3.1.0"
    }
  }

yarn manifest: 
  No manifest

Lockfile: 
  No lockfile
